<?xml version="1.0" encoding="UTF-8"?>
<!-- Generated by org.testng.reporters.JUnitXMLReporter -->
<testsuite hostname="UTTKARSHs-Air" ignored="0" name="Default test(failed)" tests="1" failures="1" timestamp="2020-05-19T16:04:23 IST" time="0.138" errors="0">
  <testcase name="getWeatherDetails" time="0.006" classname="com.EmployeeApi.TestCases.TC002">
    <failure type="java.lang.NullPointerException">
      <![CDATA[java.lang.NullPointerException
at com.EmployeeApi.TestCases.TC002.getWeatherDetails(TC002.java:26)
at java.util.ArrayList.forEach(ArrayList.java:1257)
... Removed 27 stack frames]]>
    </failure>
  </testcase> <!-- getWeatherDetails -->
</testsuite> <!-- Default test(failed) -->
