<?xml version="1.0" encoding="UTF-8"?>
<!-- Generated by org.testng.reporters.JUnitXMLReporter -->
<testsuite hostname="UTTKARSHs-MacBook-Air.local" ignored="0" name="EmployeedetailsTest" tests="32" failures="4" timestamp="2020-05-20T01:54:44 IST" time="14.679" errors="0">
  <testcase name="checkContentEncoding" time="0.008" classname="com.EmployeeApi.TestCases.TC001_Get_All_Employees_Record"/>
  <testcase name="checkContentLength" time="0.002" classname="com.EmployeeApi.TestCases.TC001_Get_All_Employees_Record"/>
  <testcase name="checkContentType" time="0.002" classname="com.EmployeeApi.TestCases.TC001_Get_All_Employees_Record"/>
  <testcase name="checkResponseBody" time="0.005" classname="com.EmployeeApi.TestCases.TC001_Get_All_Employees_Record"/>
  <testcase name="checkResponseTime" time="0.003" classname="com.EmployeeApi.TestCases.TC001_Get_All_Employees_Record"/>
  <testcase name="checkServerType" time="0.003" classname="com.EmployeeApi.TestCases.TC001_Get_All_Employees_Record"/>
  <testcase name="checkStatusLine" time="0.002" classname="com.EmployeeApi.TestCases.TC001_Get_All_Employees_Record"/>
  <testcase name="checkStatuscode" time="0.002" classname="com.EmployeeApi.TestCases.TC001_Get_All_Employees_Record"/>
  <testcase name="checkContentType" time="0.004" classname="com.EmployeeApi.TestCases.TC002_Get_Single_Employee_Data"/>
  <testcase name="checkResponseBody" time="0.003" classname="com.EmployeeApi.TestCases.TC002_Get_Single_Employee_Data">
    <failure type="java.lang.AssertionError">
      <![CDATA[java.lang.AssertionError: 
at com.EmployeeApi.TestCases.TC002_Get_Single_Employee_Data.checkResponseBody(TC002_Get_Single_Employee_Data.java:48)
at java.util.ArrayList.forEach(ArrayList.java:1257)
... Removed 30 stack frames]]>
    </failure>
  </testcase> <!-- checkResponseBody -->
  <testcase name="checkResponseTime" time="0.002" classname="com.EmployeeApi.TestCases.TC002_Get_Single_Employee_Data"/>
  <testcase name="checkServerType" time="0.002" classname="com.EmployeeApi.TestCases.TC002_Get_Single_Employee_Data"/>
  <testcase name="checkStatusLine" time="0.002" classname="com.EmployeeApi.TestCases.TC002_Get_Single_Employee_Data">
    <failure type="java.lang.AssertionError" message="expected:&amp;lt;HTTP/1.1 200 OK&amp;gt; but was:&amp;lt;HTTP/1.1 400 Bad Request&amp;gt;">
      <![CDATA[java.lang.AssertionError: expected:<HTTP/1.1 200 OK> but was:<HTTP/1.1 400 Bad Request>
at com.EmployeeApi.TestCases.TC002_Get_Single_Employee_Data.checkStatusLine(TC002_Get_Single_Employee_Data.java:77)
at java.util.ArrayList.forEach(ArrayList.java:1257)
... Removed 29 stack frames]]>
    </failure>
  </testcase> <!-- checkStatusLine -->
  <testcase name="checkStatuscode" time="0.003" classname="com.EmployeeApi.TestCases.TC002_Get_Single_Employee_Data">
    <failure type="java.lang.AssertionError" message="expected:&amp;lt;400&amp;gt; but was:&amp;lt;200&amp;gt;">
      <![CDATA[java.lang.AssertionError: expected:<400> but was:<200>
at com.EmployeeApi.TestCases.TC002_Get_Single_Employee_Data.checkStatuscode(TC002_Get_Single_Employee_Data.java:56)
at java.util.ArrayList.forEach(ArrayList.java:1257)
... Removed 32 stack frames]]>
    </failure>
  </testcase> <!-- checkStatuscode -->
  <testcase name="checkContentType" time="0.002" classname="com.EmployeeApi.TestCases.TC003_POST_Employee_Record"/>
  <testcase name="checkResponseBody" time="0.002" classname="com.EmployeeApi.TestCases.TC003_POST_Employee_Record"/>
  <testcase name="checkResponseTime" time="0.001" classname="com.EmployeeApi.TestCases.TC003_POST_Employee_Record"/>
  <testcase name="checkServerType" time="0.002" classname="com.EmployeeApi.TestCases.TC003_POST_Employee_Record"/>
  <testcase name="checkStatusLine" time="0.001" classname="com.EmployeeApi.TestCases.TC003_POST_Employee_Record"/>
  <testcase name="checkStatuscode" time="0.001" classname="com.EmployeeApi.TestCases.TC003_POST_Employee_Record"/>
  <testcase name="checkContentType" time="0.002" classname="com.EmployeeApi.TestCases.TC004_Update_Existing_Employee_Record"/>
  <testcase name="checkResponseBody" time="0.003" classname="com.EmployeeApi.TestCases.TC004_Update_Existing_Employee_Record">
    <failure type="java.lang.AssertionError">
      <![CDATA[java.lang.AssertionError: 
at com.EmployeeApi.TestCases.TC004_Update_Existing_Employee_Record.checkResponseBody(TC004_Update_Existing_Employee_Record.java:55)
at java.util.ArrayList.forEach(ArrayList.java:1257)
... Removed 30 stack frames]]>
    </failure>
  </testcase> <!-- checkResponseBody -->
  <testcase name="checkResponseTime" time="0.002" classname="com.EmployeeApi.TestCases.TC004_Update_Existing_Employee_Record"/>
  <testcase name="checkServerType" time="0.001" classname="com.EmployeeApi.TestCases.TC004_Update_Existing_Employee_Record"/>
  <testcase name="checkStatusLine" time="0.003" classname="com.EmployeeApi.TestCases.TC004_Update_Existing_Employee_Record"/>
  <testcase name="checkStatuscode" time="0.003" classname="com.EmployeeApi.TestCases.TC004_Update_Existing_Employee_Record"/>
  <testcase name="checkContentType" time="0.002" classname="com.EmployeeApi.TestCases.TC005_Delete_Employee_Record"/>
  <testcase name="checkResponseBody" time="0.003" classname="com.EmployeeApi.TestCases.TC005_Delete_Employee_Record"/>
  <testcase name="checkResponseTime" time="0.002" classname="com.EmployeeApi.TestCases.TC005_Delete_Employee_Record"/>
  <testcase name="checkServerType" time="0.002" classname="com.EmployeeApi.TestCases.TC005_Delete_Employee_Record"/>
  <testcase name="checkStatusLine" time="0.002" classname="com.EmployeeApi.TestCases.TC005_Delete_Employee_Record"/>
  <testcase name="checkStatuscode" time="0.003" classname="com.EmployeeApi.TestCases.TC005_Delete_Employee_Record"/>
</testsuite> <!-- EmployeedetailsTest -->
